1380 
1232 
3791 
1938 
1987 
1265 
1430 
1431 
2125 
1248 
3061 
1764 
1439 
3053 
1658 
2504 
1725 
1970 
1343 
1771 
1848 
1761 
1344 
1441 
1588 
1306 
2506 
1511 
2226 
1728 
1415 
1966 
1579 
1696 
2363 
1535 
1657 
1444 
1682 
1585 
1583 
1432 
1497 
2281 
2070 
1779 
1734 
1344 
1522 
1437 
2030 
1448 
1528 
1867 
2557 
2507 
1519 
1439 
1315 
1384 
1428 
1237 
1366 
1599 
2226 
1460 
1973 
1622 
1727 
1409 
1575 
1322 
1742 
1724 
1846 
1741 
1702 
1427 
1521 
1813 
1934 
1506 
1517 
833 
1780 
946 
1482 
1541 
1561 
1598 
3397 
2060 
1433 
2737 
1347 
1853 
1423 
1018 
2063 
1655 
2528 
1384 
1728 
1825 
1359 
1797 
1336 
1855 
1547 
1701 
1289 
1522 
2033 
1597 
1339 
2153 
1349 
1885 
1530 
1494 
1547 
1344 
1406 
2839 
1445 
1549 
1622 
1595 
1842 
1137 
1653 
1869 
1840 
1662 
1577 
1915 
2040 
3647 
3245 
1559 
1311 
1266 
1243 
1577 
1927 
1454 
1645 
1589 
1763 
1843 
1496 
1437 
1414 
2094 
1494 
1758 
1729 
1495 
1180 
1455 
1592 
1657 
1788 
1710 
1476 
1902 
1544 
1458 
1660 
2222 
1777 
3389 
1240 
1611 
1812 
1745 
1562 
1563 
1659 
1448 
1605 
1820 
1677 
1371 
1319 
1353 
1747 
1117 
1995 
1982 
1853 
1440 
2045 
2890 
1638 
1505 
853 
1592 
1617 
1483 
1640 
1338 
1297 
1428 
1024 
1595 
1888 
1757 
1494 
1672 
1451 
1658 
1560 
1436 
1370 
1804 
815 
1741 
1511 
1475 
1882 
1655 
1841 
1802 
1575 
1554 
1350 
1869 
1482 
1495 
1981 
1572 
1625 
1599 
1567 
2156 
1448 
2346 
1638 
2119 
1341 
1828 
1867 
1757 
1670 
1246 
1531 
1468 
1825 
1678 
1687 
1720 
1795 
1597 
1471 
1576 
1581 
2312 
1559 
1651 
1705 
1487 
1603 
1715 
1567 
1597 
1645 
1339 
1761 
1426 
2360 
1447 
1454 
2020 
2590 
1457 
1596 
1338 
1493 
1373 
2182 
1816 
1556 
1989 
1506 
1560 
1596 
1806 
1563 
1852 
1446 
1337 
1439 
1906 
3081 
1658 
1855 
1445 
1750 
1603 
2141 
1443 
1529 
1592 
1533 
1448 
1733 
1791 
1273 
1660 
1555 
1598 
1429 
1657 
1240 
1375 
1211 
1610 
1616 
2023 
1597 
2061 
1403 
1398 
1642 
1439 
1837 
1066 
1942 
1631 
1390 
1519 
1635 
1825 
1496 
1133 
1724 
1509 
1450 
1726 
1365 
1578 
1098 
1783 
1403 
1437 
1751 
1702 
1447 
1393 
1422 
1172 
1432 
1471 
1673 
1218 
1548 
1335 
1416 
1525 
1215 
1718 
1626 
1436 
2067 
1577 
1266 
1600 
1743 
1433 
1622 
1348 
1564 
1560 
1494 
1426 
1562 
1626 
1869 
1755 
1671 
1599 
2139 
2028 
1437 
1680 
1442 
1651 
1903 
1352 
1573 
1664 
1714 
2043 
1545 
1609 
1568 
1929 
1865 
1410 
1928 
1346 
1395 
1831 
1534 
1391 
1524 
1946 
1665 
1864 
1444 
1507 
1330 
1661 
1528 
1938 
1853 
1310 
1803 
1421 
1582 
1324 
1728 
1447 
1708 
1544 
1538 
1502 
1971 
1449 
1845 
1850 
1445 
1416 
1623 
1456 
1588 
1317 
1329 
1394 
1668 
1533 
2002 
1950 
1394 
1549 
1513 
1724 
1389 
1839 
1466 
1859 
1742 
1952 
2421 
1353 
1728 
963 
1548 
1800 
2146 
1298 
1436 
1613 
1660 
1469 
1587 
1421 
1413 
1693 
1838 
1623 
1741 
1660 
1794 
1420 
1841 
1562 
1648 
1699 
1753 
1839 
1456 
1639 
1560 
1818 
1635 
1445 
2130 
1542 
1738 
1741 
1500 
1972 
1339 
1307 
1443 
1968 
1648 
1755 
1729 
1553 
1759 
1753 
1709 
1647 
1511 
1831 
1322 
1401 
2161 
1863 
1562 
1816 
1915 
1173 
1638 
1755 
1995 
1766 
1675 
1690 
1928 
1599 
1437 
2101 
2011 
1737 
1611 
1860 
1632 
1255 
1404 
1848 
1433 
1497 
1102 
1654 
1537 
1484 
2063 
1355 
1378 
1403 
1876 
1423 
1363 
1276 
1524 
1747 
2015 
1146 
1628 
1857 
1726 
1703 
1548 
1288 
1436 
1642 
1672 
2069 
1606 
1374 
1710 
4937 
1321 
1346 
1680 
1641 
1983 
1414 
1853 
1243 
1947 
1526 
1877 
1347 
2020 
1624 
1727 
1501 
1898 
1630 
1527 
1825 
1501 
1185 
1565 
1690 
1534 
1433 
1463 
1858 
1253 
1352 
1437 
1320 
2043 
1429 
1528 
2014 
1266 
1928 
1331 
1619 
1525 
1314 
2043 
1609 
1407 
1342 
1487 
1583 
1840 
1407 
1676 
1253 
1715 
1835 
1264 
1459 
1222 
1531 
1170 
1416 
1842 
1295 
1810 
1726 
1249 
1328 
1461 
1305 
1456 
1931 
1741 
1840 
1798 
1907 
1579 
1740 
1826 
1949 
1424 
1541 
1650 
1749 
1933 
1292 
2125 
854 
1664 
2038 
1388 
1029 
1844 
2157 
1486 
1417 
1656 
1434 
1571 
1723 
1715 
1589 
1753 
1531 
1168 
1593 
1641 
1584 
1163 
1635 
1851 
3029 
1778 
1936 
1755 
1664 
1708 
1334 
1975 
1497 
1574 
1592 
1950 
1443 
1873 
1351 
1878 
1824 
1579 
1599 
1327 
1417 
1824 
1403 
1808 
1941 
1720 
2051 
1746 
1748 
1611 
1402 
1624 
1841 
1786 
1412 
2005 
1176 
1622 
1742 
1810 
1607 
2162 
1385 
1753 
2185 
1739 
1567 
1762 
1704 
1528 
1595 
1865 
1914 
1595 
1320 
1604 
1721 
1756 
1453 
2135 
1643 
1859 
1724 
1227 
1581 
1859 
1638 
1502 
1352 
1504 
2032 
1943 
1395 
2143 
1655 
1441 
1535 
1509 
1661 
1506 
1551 
1965 
1227 
1481 
1707 
1727 
1312 
1256 
1559 
1185 
1933 
1836 
1630 
1509 
1943 
1591 
1761 
1586 
1647 
1811 
1335 
1863 
1718 
1855 
1648 
2215 
1911 
1868 
1717 
1740 
1466 
1728 
1863 
1976 
1537 
1666 
1458 
1652 
1758 
1419 
1692 
2094 
1810 
1741 
1344 
1727 
1585 
1339 
1441 
1741 
1710 
1783 
1240 
1730 
1658 
1299 
1839 
1966 
1538 
1502 
1561 
1882 
1422 
1852 
1449 
1648 
1725 
1579 
1855 
1504 
1688 
1646 
2006 
1656 
1464 
1386 
1596 
1326 
1875 
2012 
1537 
1444 
1941 
1618 
1173 
1662 
1814 
1880 
1754 
1935 
1247 
1715 
1585 
1770 
1700 
2136 
1301 
1919 
1382 
1514 
1565 
1668 
1574 
1396 
1834 
1593 
1950 
1481 
1695 
2099 
1904 
1736 
1530 
1675 
1412 
1536 
1347 
1328 
1576 
1736 
1748 
1437 
2050 
1521 
1594 
1900 
1587 
1489 
1510 
1678 
1537 
2100 
1751 
1577 
1695 
1646 
1267 
1924 
2061 
1057 
2077 
1781 
2077 
1457 
1427 
2067 
1479 
1533 
1896 
1538 
1944 
1502 
1896 
1575 
1618 
1588 
1412 
1523 
1548 
1719 
1734 
1580 
1625 
1865 
1539 
1489 
1375 
1707 
1453 
1331 
2057 
2403 
1646 
1851 
1447 
1570 
1650 
1229 
1603 
1633 
2003 
1956 
1532 
1755 
1797 
1947 
1654 
1870 
1881 
1605 
1741 
1451 
1684 
2716 
1340 
1914 
1204 
1508 
1976 
1741 
1572 
1671 
1595 
1349 
2071 
1556 
2067 
1576 
1546 
1413 
1429 
1881 
1560 
1811 
1592 
1664 
1940 
1663 
1872 
1916 
1330 
1731 
1858 
1844 
1645 
1978 
1408 
1161 
1370 
2439 
1376 
1883 
1641 
2044 
1453 
1744 
1863 
2083 
1341 
1975 
1626 
1507 
1670 
1812 
1446 
1678 
1529 
1762 
1411 
1928 
1590 
2249 
1957 
1853 
2038 
1904 
1860 
1951 
1262 
1643 
1769 
1565 
1847 
1719 
1596 
1554 
1722 
1563 
1502 
1712 
1376 
1420 
1369 
1710 
1438 
1825 
1816 
1641 
1698 
1347 
1621 
1527 
1652 
1645 
1846 
1554 
1912 
1503 
1527 
1418 
1180 
1809 
1626 
1831 
1420 
1449 
1723 
1843 
1602 
1818 
1590 
1369 
1328 
1328 
1656 
1401 
1673 
1896 
1496 
2073 
1296 
1477 
1650 
1925 
1746 
2249 
2072 
1373 
1743 
1329 
1832 
1455 
1785 
1731 
1445 
1720 
1638 
1672 
1108 
1480 
1557 
1398 
1720 
1750 
1705 
1419 
1675 
1593 
1558 
1590 
1502 
2085 
1513 
1679 
2067 
1468 
1497 
1934 
2504 
1726 
1509 
1601 
1655 
1941 
1834 
1844 
1656 
1456 
1790 
1364 
1844 
1539 
1432 
1272 
2073 
1728 
1636 
2309 
1657 
1760 
1773 
1740 
1697 
1300 
1396 
1712 
1649 
1650 
1405 
1579 
1743 
1620 
1881 
1981 
2114 
1665 
1825 
1928 
1631 
1751 
1726 
1321 
1458 
1959 
1881 
2079 
1339 
1657 
1818 
1836 
1428 
1437 
1451 
1599 
1334 
1728 
1200 
1544 
1643 
1806 
1402 
2030 
1933 
1553 
1668 
1410 
1724 
1350 
1259 
1494 
1862 
1533 
1380 
1591 
1193 
1193 
1391 
1202 
1417 
1714 
1648 
1194 
1516 
1842 
1841 
1921 
1264 
1536 
1848 
1776 
1477 
1154 
1599 
1326 
1608 
1714 
1659 
1109 
1418 
1519 
1086 
1865 
1849 
1716 
1703 
1848 
1170 
1481 
1557 
1657 
1517 
1708 
1917 
1686 
1600 
1610 
1131 
2057 
1512 
1560 
1450 
1466 
1388 
1936 
1412 
1732 
1435 
1547 
1754 
1474 
1574 
1927 
1732 
1438 
1576 
1542 
1367 
1592 
1589 
1566 
1864 
2030 
1736 
1569 
1356 
1996 
1642 
1669 
1876 
1840 
1219 
1987 
1742 
1410 
1737 
1627 
1700 
1999 
1433 
1518 
1544 
1255 
1507 
1537 
1738 
1478 
1891 
1759 
965 
1564 
1766 
1570 
1862 
1562 
1674 
1458 
1543 
1688 
1888 
1843 
1509 
1898 
1952 
1582 
1459 
1408 
1486 
1329 
1946 
1434 
1744 
1394 
1603 
1422 
1844 
1849 
1991 
1258 
1525 
1750 
1858 
1465 
1906 
1846 
1589 
1916 
1334 
1689 
1178 
1407 
1449 
1750 
1398 
1589 
1869 
1633 
1594 
1350 
1776 
1704 
1628 
1361 
1834 
1988 
1652 
1495 
1577 
1683 
1859 
1732 
1920 
1446 
1429 
1929 
1523 
1624 
1813 
1851 
1848 
1798 
1714 
1786 
1342 
1889 
1254 
1789 
1456 
1724 
1869 
1952 
2041 
1433 
1028 
1887 
1770 
1941 
2018 
939 
1629 
1343 
1264 
1706 
1745 
1608 
1852 
1835 
1521 
1427 
1800 
1740 
1745 
1573 
1840 
1566 
1533 
1697 
1550 
1514 
943 
1629 
1648 
1635 
1325 
1732 
1449 
1816 
1602 
1653 
1786 
1820 
1591 
2004 
1245 
1455 
2018 
1492 
1614 
1643 
1573 
2101 
1803 
1830 
1760 
1732 
1714 
2233 
1740 
1762 
1661 
1918 
1510 
1486 
1156 
1688 
1445 
1678 
1394 
1964 
2044 
1721 
1900 
1448 
1529 
1746 
1621 
1947 
1656 
1596 
1435 
1403 
1175 
1313 
1580 
1442 
1561 
1653 
1449 
1746 
1730 
1210 
1491 
1504 
1729 
1878 
1880 
1502 
1581 
1761 
1493 
1823 
1734 
1098 
1410 
1411 
1970 
1777 
1836 
1653 
1561 
1580 
1431 
1140 
1691 
1292 
1440 
1840 
1750 
1340 
2268 
2167 
1792 
1773 
1722 
1565 
1847 
1556 
1477 
2247 
1902 
1937 
1591 
1958 
1649 
1839 
1616 
1589 
1644 
1655 
1068 
2062 
1993 
1312 
1849 
1712 
1773 
1414 
1815 
1881 
1269 
1776 
1627 
1828 
1449 
1678 
1975 
1320 
1961 
1601 
1509 
1673 
1864 
1876 
1863 
2029 
1758 
1911 
1508 
1340 
1871 
1853 
2167 
1652 
2017 
1766 
1655 
1445 
1718 
1555 
1532 
1494 
1353 
1406 
1437 
1798 
1441 
1709 
1403 
1543 
1861 
1821 
1645 
1470 
1551 
1712 
1869 
1580 
1756 
1702 
1173 
1382 
1953 
1735 
1556 
1738 
1499 
1638 
1828 
2060 
1849 
1859 
1838 
1508 
1150 
1378 
1567 
1846 
1826 
1475 
1466 
1259 
1904 
1340 
1730 
1534 
1529 
1720 
1558 
1587 
2040 
1431 
1642 
1648 
1678 
1728 
1587 
1525 
1711 
1718 
1996 
1507 
1822 
1449 
1846 
1340 
1781 
1602 
1511 
2150 
1842 
1571 
1474 
1594 
1499 
1727 
1907 
1642 
1594 
1832 
1669 
1942 
1544 
1408 
1446 
1433 
1620 
1813 
1491 
1547 
1992 
1749 
1805 
1998 
1345 
1237 
1701 
1833 
1560 
2233 
1777 
1959 
1683 
2232 
1533 
1500 
1859 
1642 
1657 
1768 
1562 
1736 
1574 
1652 
1799 
1688 
1461 
1625 
1597 
1403 
1979 
1861 
1523 
1451 
1874 
1739 
1725 
1574 
1968 
1503 
1699 
2051 
1606 
1518 
1639 
1462 
1837 
1963 
1631 
1841 
1564 
1844 
1736 
1681 
1664 
1125 
1733 
1589 
1650 
1443 
1596 
1795 
1956 
1419 
1721 
1806 
1450 
1603 
1660 
1375 
2035 
2079 
1384 
1986 
1950 
1751 
1577 
1347 
1503 
1655 
1361 
1588 
1432 
1613 
1648 
1520 
1506 
1528 
1668 
1368 
1739 
1606 
2132 
1539 
1390 
2139 
1390 
1547 
1500 
1535 
1349 
763 
1728 
1180 
1650 
1432 
1657 
1593 
1478 
1755 
1959 
1338 
1192 
2086 
1438 
1870 
1189 
1646 
1526 
1730 
1659 
1627 
1581 
1908 
1755 
1447 
1429 
1286 
1841 
1746 
1699 
1650 
1970 
1833 
1741 
1855 
1829 
1337 
1508 
1753 
1875 
1962 
1508 
1538 
1732 
1515 
1731 
1827 
1522 
1952 
1514 
1919 
1589 
2000 
1301 
1589 
1738 
1934 
1942 
1515 
1653 
1737 
1462 
1429 
1686 
1661 
2020 
1491 
1427 
2233 
1650 
1451 
1312 
1884 
1748 
1927 
1735 
1701 
1585 
1954 
1594 
1639 
1486 
1627 
1423 
1608 
1511 
1574 
1673 
1441 
1565 
1115 
1531 
1534 
1662 
1482 
1838 
2055 
1418 
1593 
1871 
1508 
1414 
1762 
2239 
1413 
1556 
1406 
1868 
1190 
1697 
1516 
1485 
1719 
1943 
1603 
1738 
1648 
1850 
1809 
1736 
1524 
1559 
1615 
1847 
1756 
1665 
1833 
1596 
1849 
2246 
1660 
1686 
1726 
1187 
1630 
1352 
1722 
1739 
1466 
1249 
1522 
2071 
1719 
1480 
1508 
1912 
1668 
1611 
2034 
1872 
1949 
1971 
1515 
1619 
1151 
1443 
1860 
1741 
1841 
1435 
1810 
1741 
2035 
1721 
1857 
1678 
1526 
1279 
1712 
1648 
1928 
1407 
1602 
1432 
1588 
1562 
1702 
1423 
1921 
1554 
1695 
1678 
1555 
1740 
2122 
1441 
1446 
1766 
1946 
1556 
851 
1751 
1568 
1921 
1787 
1598 
1667 
1725 
1702 
1258 
1717 
1512 
1280 
1444 
1438 
2045 
1444 
1755 
1782 
1423 
1794 
1353 
828 
1846 
1573 
1605 
1719 
1642 
1496 
1737 
1519 
1834 
1532 
2147 
1654 
1832 
1444 
1250 
1297 
1837 
1336 
1569 
1881 
1931 
1652 
1675 
1816 
1434 
1449 
1667 
1734 
1474 
1562 
1945 
1790 
1449 
1358 
1601 
1693 
1742 
1962 
1952 
2070 
1354 
1976 
1314 
1834 
1665 
1424 
1873 
1833 
1555 
1528 
1683 
1513 
1615 
1703 
1734 
1720 
1657 
1324 
1256 
1954 
1358 
1741 
1427 
1833 
1577 
1653 
1715 
1579 
1357 
1414 
1463 
1662 
1568 
1657 
1988 
1743 
1377 
1615 
1913 
1316 
1486 
1675 
1507 
1827 
1307 
1801 
1972 
1930 
1851 
1457 
1854 
1740 
1547 
1609 
1842 
1656 
1431 
1576 
1521 
1824 
1892 
1656 
1967 
1381 
1725 
1689 
1653 
1930 
1739 
799 
2014 
2126 
1521 
1725 
1855 
2151 
1857 
1375 
1559 
1665 
1641 
1205 
1594 
1449 
1613 
1328 
1816 
1497 
1513 
1627 
1473 
1477 
1524 
1252 
1867 
1598 
1628 
1850 
1814 
1368 
1852 
1787 
1412 
1610 
1807 
1747 
1903 
1325 
1978 
1277 
1598 
1555 
1736 
1445 
1681 
1655 
1570 
1592 
1999 
1310 
1494 
1626 
1647 
1656 
1601 
1790 
1713 
1806 
2010 
1515 
1255 
1840 
1355 
1567 
1735 
1968 
1724 
1924 
1739 
1734 
1271 
1257 
1606 
1779 
1746 
1740 
1640 
1525 
1685 
1586 
1437 
1397 
1623 
1438 
1796 
1705 
1672 
1449 
1957 
1648 
1505 
1827 
1650 
1352 
1274 
1528 
1827 
1522 
1705 
1714 
1764 
1494 
2028 
1393 
1484 
1634 
1505 
2062 
1555 
1673 
1868 
1270 
1737 
1582 
1671 
1856 
1550 
1428 
1783 
1430 
1854 
1959 
1969 
1247 
1344 
1846 
2054 
1827 
1592 
1623 
1563 
1746 
1446 
1761 
1521 
2280 
1482 
1797 
1928 
1738 
1263 
1917 
1666 
1733 
1635 
1748 
1723 
1916 
1861 
1380 
2042 
1336 
1508 
2120 
1637 
1716 
1853 
2074 
1562 
1561 
1852 
1375 
1863 
1532 
1500 
1761 
2229 
1728 
1839 
1573 
1414 
1600 
1835 
1124 
1247 
1684 
1985 
1431 
1947 
1716 
1750 
1274 
1720 
2143 
1335 
1545 
1427 
1839 
1335 
1757 
1838 
1417 
1967 
1673 
1957 
2032 
1623 
1517 
1686 
1693 
1821 
1372 
1233 
2050 
1442 
1873 
1715 
1638 
1798 
1181 
1644 
1870 
1163 
1432 
1888 
1952 
1663 
1562 
1510 
1191 
1421 
1393 
1616 
1838 
2034 
1620 
1512 
1752 
1819 
1837 
1836 
1599 
1791 
1405 
1755 
1613 
1360 
812 
1744 
1848 
1837 
1510 
1811 
1810 
1450 
1344 
1787 
1751 
1774 
1733 
1844 
2018 
1530 
1870 
1670 
1174 
1554 
1686 
1666 
1241 
1664 
1451 
1339 
1747 
1715 
1306 
1495 
1906 
1231 
1808 
1593 
2007 
1554 
1611 
1650 
1781 
1414 
1599 
1466 
1638 
1582 
2148 
1519 
1839 
2024 
1575 
1720 
1444 
1521 
1451 
1724 
1524 
1697 
1583 
1491 
1738 
1661 
1443 
1434 
1802 
1555 
1941 
1733 
1744 
1713 
1609 
1516 
1716 
1649 
1705 
1687 
1733 
1321 
1432 
1847 
1449 
1677 
1956 
1809 
1780 
1540 
2126 
1946 
1791 
1338 
1645 
1750 
1277 
1464 
1622 
1248 
2130 
1609 
1808 
1766 
1676 
1659 
1937 
1890 
1803 
1648 
1642 
1548 
2854 
1518 
1249 
1795 
1258 
1408 
1485 
1891 
1366 
1572 
1715 
1927 
1494 
1188 
1853 
1508 
1796 
1375 
1287 
1739 
1728 
1057 
1447 
1755 
1899 
1223 
1339 
1095 
1858 
1565 
1454 
1969 
1709 
1809 
1839 
1956 
1997 
2166 
1716 
1525 
1633 
1862 
2057 
1975 
1537 
1652 
1532 
1233 
1949 
2101 
1346 
1674 
2072 
1528 
1529 
2081 
1521 
2039 
1754 
1425 
1352 
1730 
1912 
1791 
1692 
1456 
1948 
1627 
1565 
1734 
1578 
1672 
1664 
1027 
1567 
1563 
1424 
1712 
1569 
1848 
1603 
1523 
1798 
1544 
1269 
2044 
1410 
1806 
1726 
1564 
1868 
1768 
1414 
1513 
1326 
1615 
1479 
1732 
1915 
1732 
1635 
1610 
1970 
2215 
2171 
2615 
1630 
1274 
1739 
1736 
1669 
1726 
1522 
1522 
1532 
1749 
1592 
2029 
1383 
2049 
1654 
1881 
1535 
1574 
1581 
1727 
1602 
1668 
1334 
1785 
1747 
1093 
1857 
1719 
1460 
1581 
1714 
1020 
1688 
1658 
1539 
1141 
2037 
1662 
1940 
1718 
1829 
1807 
1330 
1666 
1580 
1392 
1784 
1834 
1841 
1317 
1980 
2012 
1542 
1303 
1810 
1815 
1514 
1040 
1845 
1586 
1679 
1755 
1499 
1797 
1441 
1193 
1822 
2234 
1777 
1578 
1473 
2125 
1249 
1258 
1398 
1741 
1446 
1809 
1740 
1597 
1604 
1823 
1601 
2041 
1842 
1555 
1432 
1917 
1588 
2108 
1823 
1854 
1604 
1748 
1679 
1658 
1651 
1327 
1303 
1960 
1869 
1581 
1541 
1746 
1523 
1650 
1488 
2036 
1831 
1837 
1930 
1318 
1545 
1565 
1931 
2076 
1488 
1440 
1629 
1481 
1836 
1587 
1925 
1328 
1432 
1505 
1690 
1769 
1751 
1991 
1779 
2053 
1677 
1454 
1740 
1347 
1732 
1797 
1790 
1848 
1548 
1690 
1681 
1754 
1685 
1663 
1842 
1392 
1697 
1640 
1632 
1812 
1517 
2062 
1649 
1591 
1437 
1659 
1424 
1235 
1639 
2112 
1414 
1644 
1733 
1332 
1407 
1778 
1932 
1507 
1423 
2041 
1534 
1326 
1678 
1959 
1535 
1802 
1688 
1624 
1835 
1829 
1915 
1642 
1425 
1508 
1697 
1741 
1334 
1570 
1556 
2036 
2235 
1579 
1856 
1281 
2032 
1510 
1733 
1846 
1818 
1747 
1652 
1498 
1120 
1577 
1651 
1746 
1456 
1665 
1439 
1935 
1454 
1547 
1633 
1554 
1653 
1656 
1767 
1948 
1651 
1681 
1477 
1791 
1969 
1571 
1342 
1770 
1252 
1838 
1586 
1434 
1187 
1529 
1744 
1175 
1496 
2002 
1415 
1201 
1663 
1938 
1953 
1749 
1712 
1679 
1648 
1303 
1623 
1924 
2057 
2051 
1740 
1399 
1445 
1444 
1515 
1577 
1925 
1867 
1475 
1840 
1596 
1739 
1559 
1398 
1436 
1723 
1917 
1445 
1653 
1644 
1660 
1462 
1863 
1862 
1709 
1438 
1819 
1505 
1745 
1448 
1341 
1555 
1666 
1180 
1775 
1889 
1726 
2146 
1158 
1945 
1850 
1740 
1348 
1639 
1845 
1752 
1526 
1512 
999 
1603 
2329 
1562 
1946 
1916 
1655 
1914 
1698 
1740 
1329 
1626 
1584 
1683 
1269 
1585 
1677 
1640 
1529 
1746 
1478 
1645 
1537 
1283 
1317 
1824 
1837 
1712 
1596 
1632 
1849 
1638 
1934 
1232 
1500 
1547 
1743 
1071 
1516 
1774 
1562 
1760 
2066 
1747 
1399 
1732 
1921 
1931 
1936 
1221 
1591 
1517 
1894 
1429 
2057 
1250 
1746 
1709 
1826 
1332 
1754 
1731 
2216 
1526 
1900 
1916 
1756 
2274 
1794 
1663 
1819 
1750 
1884 
1664 
1936 
1418 
1761 
1839 
1686 
1434 
1256 
1429 
1965 
1345 
1967 
1457 
1518 
1504 
1787 
1704 
1975 
2065 
1747 
1564 
1691 
1256 
1524 
1920 
1386 
1874 
1810 
1733 
1302 
1181 
1946 
1289 
1968 
1334 
2047 
1664 
1784 
1647 
1863 
1203 
1638 
1843 
1710 
1352 
1346 
1572 
1403 
2044 
1326 
1805 
1335 
1672 
1441 
2146 
1612 
1571 
1330 
1830 
1594 
2317 
1411 
1608 
1741 
1567 
1725 
1300 
1837 
1724 
1452 
1548 
1763 
1584 
1554 
1615 
1616 
1846 
1277 
1752 
1769 
1505 
1855 
1757 
1370 
1870 
1207 
2033 
1555 
1501 
1855 
1677 
1834 
1750 
1352 
1995 
1721 
1440 
1757 
1757 
1735 
1499 
1629 
1511 
1430 
1515 
1559 
1352 
1846 
2082 
1398 
1429 
1335 
1866 
1559 
1324 
1577 
1222 
1868 
1555 
1659 
1552 
1659 
1436 
1575 
1545 
1776 
1304 
2138 
1088 
1953 
2146 
1508 
1586 
1449 
1350 
1610 
1961 
1774 
1563 
1529 
1523 
1788 
1585 
1701 
1355 
1616 
1918 
1703 
1114 
1726 
1833 
1747 
1862 
1823 
1572 
1927 
1250 
1755 
1856 
1284 
1679 
1245 
1643 
1390 
1651 
1904 
1695 
1767 
1543 
1711 
1576 
1781 
1846 
1440 
1514 
1403 
1871 
2053 
1351 
1513 
1345 
1670 
1472 
1671 
1434 
1629 
1642 
1850 
1697 
1715 
1598 
1726 
1547 
1077 
1100 
1324 
1962 
1844 
1959 
1731 
1511 
1801 
1869 
1836 
1938 
1823 
1355 
1503 
2096 
1618 
1859 
1662 
1675 
1943 
1538 
1822 
1590 
1461 
1588 
1643 
1454 
1959 
1763 
1476 
1999 
1451 
1574 
1985 
1514 
1816 
1658 
1848 
2102 
1458 
1344 
1682 
1742 
1778 
1626 
1633 
1509 
1835 
1536 
1707 
1628 
1674 
1973 
1187 
1680 
1529 
1786 
1521 
1846 
1092 
1785 
1939 
1552 
1720 
2256 
1730 
1842 
1707 
1582 
1858 
1068 
1343 
1569 
1509 
1314 
1434 
1457 
1921 
1662 
1445 
1842 
1748 
1849 
1750 
1508 
1451 
1496 
1247 
2215 
1577 
1321 
1180 
1329 
1433 
1717 
1828 
1376 
1550 
1426 
1395 
2078 
1422 
2130 
1817 
1753 
645 
1833 
1613 
1635 
1682 
1861 
1518 
1631 
1439 
2051 
1665 
1858 
1753 
1648 
1671 
1574 
1500 
1762 
1577 
2235 
1468 
1584 
1688 
1571 
1857 
1631 
1526 
1875 
1830 
1205 
1533 
2256 
1863 
1439 
1740 
1746 
1183 
1536 
1748 
1889 
1520 
1818 
1705 
1661 
1898 
1651 
1579 
981 
1341 
1697 
1312 
1266 
1843 
1748 
1583 
2028 
1364 
1645 
1602 
1446 
1592 
1727 
1747 
2123 
1455 
1502 
1730 
1646 
1527 
2024 
1434 
1408 
1719 
1398 
1432 
1578 
1715 
1449 
1586 
1651 
1600 
1830 
1646 
1570 
1912 
1418 
1466 
1954 
1462 
1633 
1942 
1520 
1736 
1742 
1800 
1687 
1506 
1295 
1743 
1602 
1581 
1834 
1702 
1244 
2247 
1533 
1569 
2211 
1399 
1795 
1518 
2117 
1611 
1470 
1624 
1627 
1531 
1545 
1127 
1826 
1643 
1738 
1315 
1655 
1841 
1689 
1724 
1587 
1975 
2239 
2033 
1787 
1892 
1687 
1778 
1460 
1747 
1641 
1685 
1718 
2032 
1491 
1704 
1239 
1800 
1818 
1768 
1949 
1646 
1533 
1396 
1434 
1607 
2104 
1353 
2188 
1722 
1563 
1985 
1491 
1634 
1557 
1873 
1599 
1336 
1850 
1738 
2045 
1656 
1942 
1326 
1963 
1755 
1664 
2070 
1657 
1658 
1771 
1640 
1930 
1327 
1725 
2174 
1555 
1593 
1535 
1866 
1523 
1810 
1344 
2134 
1741 
1746 
1497 
1116 
1537 
1537 
1594 
1345 
1438 
2045 
1638 
1294 
1864 
1795 
1985 
1959 
1766 
1858 
1511 
1570 
1838 
1401 
1525 
1740 
1598 
1417 
1782 
2066 
1825 
1575 
1644 
1380 
1558 
1855 
1163 
1673 
1650 
1925 
1549 
1473 
1817 
1855 
1683 
1651 
1609 
1602 
1670 
1916 
1379 
2234 
1617 
1581 
1835 
1777 
1346 
1927 
1964 
1592 
1703 
1856 
1468 
2249 
1525 
1632 
1499 
1707 
1652 
1660 
1928 
1739 
1740 
1882 
1643 
1424 
1789 
1415 
1973 
1496 
2081 
1930 
1827 
2064 
1876 
1860 
1635 
1403 
1537 
1657 
1439 
1462 
1472 
1409 
1735 
1660 
1258 
1838 
1962 
1643 
2002 
1594 
1434 
1876 
1845 
1647 
1314 
1529 
1263 
1544 
1696 
1609 
1534 
1836 
1827 
1582 
1671 
1635 
1734 
1449 
1341 
1959 
1337 
1583 
1470 
1503 
1324 
1499 
1445 
1626 
1232 
1816 
1709 
1415 
1741 
1493 
1923 
1781 
1576 
1628 
1250 
1519 
1427 
1539 
1454 
1929 
1804 
1944 
2036 
1934 
1687 
1716 
1235 
1983 
1424 
1828 
1643 
1842 
1939 
1745 
1628 
1586 
2010 
1734 
1554 
1735 
1609 
1775 
1374 
1854 
1463 
1723 
1290 
1584 
1528 
1842 
1432 
1821 
1699 
1834 
1983 
1591 
1493 
1464 
1844 
1466 
1351 
1630 
1355 
1600 
1376 
1660 
1738 
1462 
1425 
1446 
1376 
1719 
2063 
1540 
1723 
1204 
1478 
1662 
1727 
1936 
1503 
1669 
1529 
1855 
1505 
2050 
1961 
1517 
1850 
1749 
1994 
1758 
1377 
1882 
1845 
1710 
1808 
1840 
1419 
1712 
1967 
1590 
2152 
1734 
1652 
1507 
1688 
1566 
1842 
2288 
1717 
1716 
1569 
2075 
1727 
1927 
1814 
1345 
1856 
1991 
1669 
1408 
1768 
1164 
1513 
1864 
1853 
1987 
1589 
1680 
2012 
1512 
1782 
1510 
1700 
1634 
1944 
1769 
1345 
2033 
1552 
1561 
1839 
1663 
1740 
1852 
1542 
1404 
1672 
1595 
1106 
1834 
1864 
1841 
1489 
1384 
1832 
1704 
1745 
1763 
2123 
1734 
1595 
1227 
1668 
1723 
2043 
1813 
1526 
1730 
1963 
1866 
1600 
1831 
1828 
1309 
1801 
1846 
1510 
1443 
1749 
1451 
1555 
1666 
1753 
1418 
1643 
1243 
1346 
2053 
1726 
2014 
2126 
1563 
1363 
1248 
1614 
1426 
1320 
1662 
1752 
1754 
1297 
1594 
1655 
2053 
1813 
2241 
1735 
1647 
1447 
1579 
1584 
1596 
1849 
1687 
1948 
1747 
1246 
1860 
1598 
1651 
1561 
1318 
1450 
1167 
1427 
1562 
1342 
1747 
1817 
1648 
1672 
1363 
1442 
1767 
1821 
1585 
1587 
1774 
1458 
1572 
1590 
2060 
1619 
1212 
2036 
2044 
1945 
1943 
2058 
1646 
1620 
1751 
1606 
1659 
1601 
1706 
1388 
1844 
1561 
1951 
1514 
1415 
1396 
1837 
1837 
1438 
1592 
1906 
1945 
1920 
1168 
1779 
2148 
1496 
1752 
1311 
1693 
1620 
1352 
2115 
1820 
1375 
1858 
1852 
1696 
1515 
1915 
1989 
1772 
1611 
1592 
1646 
1603 
1849 
1740 
1725 
1734 
1863 
1634 
1747 
1587 
1776 
1629 
1919 
1474 
1747 
1596 
1877 
1456 
1323 
1749 
1687 
2071 
1940 
1741 
1739 
1832 
1835 
1552 
1854 
2058 
1830 
1468 
1627 
1459 
1357 
1418 
1735 
1608 
1579 
2106 
2053 
1458 
1663 
1830 
1392 
1749 
1582 
1666 
1842 
2104 
1672 
1725 
2174 
1229 
1504 
1969 
1584 
1359 
1233 
1446 
1527 
2206 
1506 
1398 
1751 
1802 
1581 
1645 
1363 
1188 
1634 
1254 
1382 
1683 
1569 
1402 
1547 
1926 
1724 
1748 
1872 
1515 
1657 
2150 
1888 
1748 
1530 
1431 
1461 
1937 
1658 
1749 
1335 
1754 
1335 
1822 
1416 
1718 
1850 
1987 
1738 
1851 
1851 
2645 
1514 
1519 
1547 
1639 
1723 
1864 
1790 
1865 
1338 
1448 
1814 
1222 
1341 
1872 
1417 
1756 
1171 
1582 
1405 
1885 
1338 
1823 
1672 
1539 
1996 
1854 
1729 
1322 
2357 
1535 
1353 
1749 
1935 
2030 
1859 
1593 
1649 
1781 
1508 
1935 
1679 
1594 
1983 
1358 
1742 
1291 
1615 
2056 
1870 
1586 
1963 
1819 
1838 
2265 
1606 
1737 
1778 
1603 
1658 
1399 
1767 
1242 
1627 
1578 
2084 
1536 
1522 
1969 
2219 
1861 
1236 
1936 
1836 
1748 
1736 
1495 
1444 
2025 
1630 
1512 
1740 
1689 
1609 
1956 
1879 
1785 
1348 
1335 
1902 
1906 
1721 
1725 
1739 
1423 
1841 
1579 
1631 
1625 
1863 
1631 
1638 
1825 
1525 
1381 
1650 
1747 
1966 
1877 
1574 
1667 
1605 
1671 
2053 
1471 
1631 
1651 
1822 
1471 
1245 
1818 
1417 
1765 
1958 
1470 
1627 
1693 
1332 
1978 
1609 
1655 
1643 
1862 
2115 
1643 
1541 
1635 
1655 
1532 
1557 
1926 
1926 
1561 
1773 
2025 
1524 
1997 
1953 
1767 
1532 
1505 
1761 
1616 
2026 
1641 
1589 
1757 
1915 
1754 
1766 
1328 
1024 
1593 
1624 
1639 
1093 
1336 
1388 
1528 
1943 
1822 
1460 
1441 
1386 
1757 
1615 
1667 
1862 
1824 
1597 
1868 
1578 
1644 
1277 
1586 
1849 
1624 
1772 
1674 
1646 
1502 
1615 
1843 
1687 
1840 
1359 
1848 
1753 
1818 
1731 
1150 
2324 
1324 
1865 
1730 
1486 
1674 
1936 
1397 
1739 
1741 
1520 
1381 
1597 
1762 
1431 
2005 
2078 
1919 
1171 
1741 
1344 
1364 
1431 
1254 
1965 
1887 
1321 
1715 
1622 
1666 
1589 
1427 
1639 
1648 
1339 
1671 
1536 
1559 
1805 
1253 
1460 
1817 
1865 
892 
1355 
2062 
1631 
1634 
1668 
1865 
1726 
2020 
1688 
1272 
1534 
1984 
1698 
1738 
1343 
1589 
1637 
2375 
1512 
1730 
1234 
1564 
1793 
1890 
1606 
1329 
1751 
1262 
1733 
1582 
1252 
1506 
1965 
1939 
1377 
1438 
1362 
1670 
1376 
1583 
1585 
1413 
1594 
1390 
1833 
1811 
1838 
2015 
2020 
1903 
1386 
1663 
1326 
1743 
1597 
1537 
1865 
1858 
1896 
1730 
1308 
1625 
1670 
2131 
1692 
1594 
1822 
1446 
1559 
2047 
1419 
1654 
1853 
2191 
1369 
2423 
1981 
2026 
1615 
1483 
1838 
1516 
1648 
1530 
1556 
1691 
1204 
1540 
1310 
1586 
1576 
1610 
1429 
1445 
1498 
1730 
1177 
2024 
1343 
1840 
1841 
1418 
1398 
2319 
1593 
1623 
1732 
1533 
1553 
1844 
1689 
2041 
2137 
1730 
1866 
1522 
1247 
1753 
1440 
1638 
1258 
1352 
1677 
1327 
1508 
1661 
1453 
1989 
1639 
1585 
1501 
2301 
1432 
1140 
1530 
1646 
1968 
1759 
1723 
1614 
1561 
1743 
1746 
1501 
1451 
2039 
1596 
1598 
1734 
1901 
1672 
1245 
1815 
1929 
1442 
1696 
1580 
2068 
1777 
1482 
1701 
1375 
1840 
1415 
1770 
1595 
1537 
1737 
1318 
1830 
1837 
1814 
2147 
1248 
1449 
1821 
1597 
1035 
1502 
1458 
1498 
2315 
1752 
1439 
1616 
1719 
1420 
1334 
1546 
1568 
1591 
1648 
1241 
1465 
924 
1850 
1655 
1601 
1437 
2130 
1733 
2159 
1442 
1789 
1863 
1591 
1312 
1784 
1535 
1373 
1576 
1669 
1576 
1614 
1516 
1745 
1553 
1524 
1514 
1520 
1349 
1746 
1870 
2006 
1954 
1906 
1784 
1851 
1867 
1733 
1945 
1301 
1584 
1844 
1625 
1845 
1342 
1488 
1439 
1538 
1593 
1658 
1722 
1253 
1763 
1718 
1566 
1772 
1844 
1593 
1734 
1167 
1225 
1935 
1726 
1566 
1702 
1841 
1932 
1496 
1744 
1720 
2012 
1931 
1727 
1827 
1343 
1615 
1869 
1195 
1728 
1948 
1576 
1562 
1743 
1366 
1135 
1739 
1368 
1624 
1694 
1548 
1941 
1707 
1870 
1248 
1666 
1727 
1761 
2241 
1865 
1902 
1835 
1214 
1325 
1283 
1910 
1842 
1183 
1621 
1627 
1790 
1677 
1649 
1722 
1569 
1526 
2316 
1679 
1833 
1446 
1565 
1551 
1580 
1800 
1765 
1835 
1612 
1474 
1967 
1731 
1915 
1659 
1302 
1957 
1736 
1572 
1608 
1244 
1694 
1533 
1657 
2159 
1262 
1574 
1753 
1569 
1777 
1845 
1973 
1733 
1646 
1434 
1241 
1854 
1411 
2008 
1500 
1665 
1523 
1527 
1483 
1747 
1428 
2076 
1484 
1455 
1898 
1560 
1656 
1641 
1854 
1141 
1397 
1904 
1456 
1951 
1114 
1933 
1392 
1873 
1658 
1592 
1245 
1556 
2093 
1745 
1274 
1516 
1903 
2028 
1925 
1749 
2065 
2059 
1639 
1369 
1536 
2045 
1689 
1735 
1204 
1715 
1509 
1342 
1573 
1733 
1204 
1708 
1972 
1093 
1604 
1747 
1560 
1351 
1948 
1745 
2012 
1444 
1829 
1550 
1633 
1704 
1460 
1827 
1513 
1643 
1692 
1654 
1501 
1608 
1518 
1528 
1740 
1918 
1821 
1711 
1439 
2065 
1728 
1649 
1368 
1368 
2031 
1192 
1332 
1594 
1351 
1630 
1597 
1728 
1766 
1443 
1652 
1727 
1362 
1638 
1853 
1860 
1588 
1375 
1845 
1885 
1647 
1583 
1896 
1855 
1916 
1616 
1918 
1247 
1867 
1566 
1736 
1797 
1857 
1175 
1520 
1998 
1432 
1698 
1851 
1389 
1253 
1481 
1451 
1488 
1831 
1865 
1791 
1877 
1724 
1951 
1781 
1738 
1584 
1098 
1817 
1871 
1659 
1349 
1522 
1638 
1760 
1571 
1689 
1933 
1842 
1542 
1656 
1740 
1329 
1766 
1760 
1599 
1504 
1314 
1696 
1513 
1247 
1638 
1530 
1750 
1940 
1892 
1652 
1507 
1595 
1582 
1238 
2118 
2133 
1724 
1531 
1854 
2012 
1657 
1454 
1447 
1111 
1425 
1456 
1703 
1842 
1420 
1576 
1408 
1225 
1810 
1651 
1640 
1709 
1859 
1543 
1255 
1587 
1994 
1347 
1732 
1583 
1727 
1829 
1757 
1857 
1441 
1662 
1897 
1456 
1750 
1875 
1589 
1857 
1995 
1505 
1867 
1552 
1740 
2042 
1745 
1821 
1366 
1776 
2318 
1263 
2008 
1784 
1316 
1256 
1817 
1752 
1443 
1873 
1633 
2033 
2044 
2051 
1751 
1592 
1465 
1841 
1559 
1752 
1576 
1345 
1714 
1523 
1944 
1415 
1754 
1448 
1567 
1777 
1906 
1118 
1573 
1789 
1258 
1428 
1112 
1709 
1845 
1796 
1408 
1998 
1596 
1729 
1604 
1459 
1747 
1352 
1438 
1349 
1190 
1647 
1679 
1651 
1723 
1864 
1432 
1592 
1657 
1544 
2217 
2014 
1652 
1571 
1269 
1410 
1674 
1860 
1570 
1745 
1288 
1752 
1593 
1425 
1585 
1606 
1316 
1902 
1870 
1628 
1656 
1639 
1244 
1656 
1421 
1323 
1031 
1534 
1535 
1741 
1043 
1184 
1339 
1404 
1600 
1589 
1742 
1639 
1161 
1635 
1760 
1712 
1582 
1043 
1491 
1567 
1751 
2069 
1757 
1782 
1710 
1367 
1516 
2011 
1430 
1450 
1605 
1595 
1858 
1843 
1341 
1865 
1626 
1541 
1398 
1508 
1734 
1551 
1628 
1841 
1740 
1754 
1329 
1643 
1843 
1442 
1302 
2119 
1579 
1649 
1723 
1864 
1682 
1442 
1939 
1872 
1623 
1266 
1358 
1590 
1943 
1608 
1660 
1488 
1920 
1741 
1495 
1633 
1726 
1101 
1606 
1804 
1843 
1447 
1838 
1350 
1947 
1439 
1735 
1721 
1760 
1341 
1580 
1838 
1505 
1513 
1749 
1795 
1839 
1609 
1857 
1822 
1856 
1613 
1334 
1289 
1846 
1059 
1641 
1597 
1751 
1738 
1815 
1392 
733 
2042 
1599 
1654 
2017 
1638 
1646 
1693 
1429 
1651 
1575 
1407 
1746 
1354 
1601 
1516 
1904 
1732 
1656 
1324 
2250 
2015 
1722 
1328 
1623 
1315 
1564 
1585 
1460 
1373 
1746 
1184 
1533 
1614 
1567 
2219 
1324 
1837 
1229 
1708 
1656 
1955 
1987 
1490 
1322 
1601 
1437 
1587 
980 
1828 
1651 
1652 
1799 
1880 
1808 
1711 
1576 
1921 
1731 
1457 
1664 
1675 
2133 
